2014-10-08 00:58:41,275 [Worker-6] INFO  o.e.m.c.i.l.LifecycleMappingFactory - Using org.eclipse.m2e.jdt.JarLifecycleMapping lifecycle mapping for MavenProject: com.cl:FriendFeedsRESTService:1.0.0-BUILD-SNAPSHOT @ /Users/gibranecastillo/Mobility/CollegeLife/CLServices/FriendFeedsRESTService/pom.xml.
2014-10-08 00:58:41,356 [Worker-6] WARN  o.e.m.c.i.embedder.EclipseLogger - The POM for org.apache.tomcat:el-api:jar:8.0.12 is missing, no dependency information available
2014-10-08 00:58:41,359 [Worker-6] WARN  o.e.m.c.i.embedder.EclipseLogger - The POM for org.apache.tomcat:jasper:jar:8.0.12 is missing, no dependency information available
2014-10-08 00:58:41,361 [Worker-6] WARN  o.e.m.c.i.embedder.EclipseLogger - The POM for org.apache.tomcat:jasper-el:jar:8.0.12 is missing, no dependency information available
2014-10-08 00:58:41,362 [Worker-6] WARN  o.e.m.c.i.embedder.EclipseLogger - The POM for javax.servlet:servlet-api:jar:3.1 is missing, no dependency information available
2014-10-08 00:58:42,092 [Worker-6] WARN  o.e.m.c.i.embedder.EclipseLogger - Using platform encoding (MacRoman actually) to copy filtered resources, i.e. build is platform dependent!
2014-10-08 00:58:42,098 [Worker-6] INFO  o.e.m.c.i.embedder.EclipseLogger - Copying 3 resources
2014-10-08 00:58:42,111 [Worker-6] WARN  o.e.m.c.i.embedder.EclipseLogger - Using platform encoding (MacRoman actually) to copy filtered resources, i.e. build is platform dependent!
2014-10-08 00:58:42,112 [Worker-6] INFO  o.e.m.c.i.embedder.EclipseLogger - Copying 1 resource
2014-10-08 00:58:43,977 [Worker-0] WARN  o.e.m.c.i.embedder.EclipseLogger - The POM for org.apache.tomcat:el-api:jar:8.0.12 is missing, no dependency information available
2014-10-08 00:58:43,979 [Worker-0] WARN  o.e.m.c.i.embedder.EclipseLogger - The POM for org.apache.tomcat:jasper:jar:8.0.12 is missing, no dependency information available
2014-10-08 00:58:43,981 [Worker-0] WARN  o.e.m.c.i.embedder.EclipseLogger - The POM for org.apache.tomcat:jasper-el:jar:8.0.12 is missing, no dependency information available
2014-10-08 00:58:43,984 [Worker-0] WARN  o.e.m.c.i.embedder.EclipseLogger - The POM for javax.servlet:servlet-api:jar:3.1 is missing, no dependency information available
2014-10-08 00:58:44,075 [Worker-0] WARN  o.e.m.c.i.embedder.EclipseLogger - Using platform encoding (MacRoman actually) to copy filtered resources, i.e. build is platform dependent!
2014-10-08 00:58:44,085 [Worker-0] INFO  o.e.m.c.i.embedder.EclipseLogger - Copying 0 resource
2014-10-08 00:58:44,087 [Worker-0] WARN  o.e.m.c.i.embedder.EclipseLogger - Using platform encoding (MacRoman actually) to copy filtered resources, i.e. build is platform dependent!
2014-10-08 00:58:44,089 [Worker-0] INFO  o.e.m.c.i.embedder.EclipseLogger - Copying 0 resource
2014-10-08 21:53:51,380 [Worker-37] INFO  o.e.m.c.i.l.LifecycleMappingFactory - Using org.eclipse.m2e.jdt.JarLifecycleMapping lifecycle mapping for MavenProject: com.cl:FriendFeedsRESTService:1.0.0-BUILD-SNAPSHOT @ /Users/gibranecastillo/Mobility/CollegeLife/CLServices/FriendFeedsRESTService/pom.xml.
2014-10-08 21:53:51,644 [Worker-37] WARN  o.e.m.c.i.embedder.EclipseLogger - The POM for javax.servlet:servlet-api:jar:3.1 is missing, no dependency information available
2014-10-08 21:53:51,844 [Worker-37] WARN  o.e.m.c.i.embedder.EclipseLogger - Using platform encoding (MacRoman actually) to copy filtered resources, i.e. build is platform dependent!
2014-10-08 21:53:51,844 [Worker-37] INFO  o.e.m.c.i.embedder.EclipseLogger - Copying 0 resource
2014-10-08 21:53:51,846 [Worker-37] WARN  o.e.m.c.i.embedder.EclipseLogger - Using platform encoding (MacRoman actually) to copy filtered resources, i.e. build is platform dependent!
2014-10-08 21:53:51,846 [Worker-37] INFO  o.e.m.c.i.embedder.EclipseLogger - Copying 0 resource
2014-10-08 21:55:17,924 [Worker-37] INFO  o.e.m.c.i.l.LifecycleMappingFactory - Using org.eclipse.m2e.jdt.JarLifecycleMapping lifecycle mapping for MavenProject: com.cl:FriendFeedsRESTService:1.0.0-BUILD-SNAPSHOT @ /Users/gibranecastillo/Mobility/CollegeLife/CLServices/CollegeLife/pom.xml.
2014-10-08 21:55:17,994 [Worker-37] WARN  o.e.m.c.i.embedder.EclipseLogger - The POM for javax.servlet:servlet-api:jar:3.1 is missing, no dependency information available
2014-10-08 21:55:19,686 [Worker-41] WARN  o.e.m.c.i.embedder.EclipseLogger - The POM for javax.servlet:servlet-api:jar:3.1 is missing, no dependency information available
2014-10-08 21:55:19,732 [Worker-41] WARN  o.e.m.c.i.embedder.EclipseLogger - Using platform encoding (MacRoman actually) to copy filtered resources, i.e. build is platform dependent!
2014-10-08 21:55:19,733 [Worker-41] INFO  o.e.m.c.i.embedder.EclipseLogger - Copying 3 resources
2014-10-08 21:55:19,735 [Worker-41] WARN  o.e.m.c.i.embedder.EclipseLogger - Using platform encoding (MacRoman actually) to copy filtered resources, i.e. build is platform dependent!
2014-10-08 21:55:19,735 [Worker-41] INFO  o.e.m.c.i.embedder.EclipseLogger - Copying 1 resource
2014-10-08 21:56:13,752 [Worker-37] INFO  o.e.m.c.i.l.LifecycleMappingFactory - Using org.eclipse.m2e.jdt.JarLifecycleMapping lifecycle mapping for MavenProject: com.cl:CollegeLife:1.0.0-BUILD-SNAPSHOT @ /Users/gibranecastillo/Mobility/CollegeLife/CLServices/CollegeLife/pom.xml.
2014-10-08 21:56:13,802 [Worker-37] WARN  o.e.m.c.i.embedder.EclipseLogger - The POM for javax.servlet:servlet-api:jar:3.1 is missing, no dependency information available
2014-10-08 21:56:13,873 [Worker-37] WARN  o.e.m.c.i.embedder.EclipseLogger - Using platform encoding (MacRoman actually) to copy filtered resources, i.e. build is platform dependent!
2014-10-08 21:56:13,873 [Worker-37] INFO  o.e.m.c.i.embedder.EclipseLogger - Copying 0 resource
2014-10-08 21:56:13,875 [Worker-37] WARN  o.e.m.c.i.embedder.EclipseLogger - Using platform encoding (MacRoman actually) to copy filtered resources, i.e. build is platform dependent!
2014-10-08 21:56:13,875 [Worker-37] INFO  o.e.m.c.i.embedder.EclipseLogger - Copying 0 resource
2014-10-08 22:05:09,302 [Worker-41] INFO  o.e.m.c.i.l.LifecycleMappingFactory - Using org.eclipse.m2e.jdt.JarLifecycleMapping lifecycle mapping for MavenProject: com.cl:CollegeLife:1.0.0-BUILD-SNAPSHOT @ /Users/gibranecastillo/Mobility/CollegeLife/CLServices/CollegeLife/pom.xml.
2014-10-08 22:05:10,077 [Worker-43] INFO  o.e.m.c.i.e.AbstractTransferListenerAdapter - Downloading http://repo.maven.apache.org/maven2/javax/servlet/javax.servlet-api/3.1.0/javax.servlet-api-3.1.0.pom
2014-10-08 22:05:10,248 [Worker-43] INFO  o.e.m.c.i.e.AbstractTransferListenerAdapter - Downloaded http://repo.maven.apache.org/maven2/javax/servlet/javax.servlet-api/3.1.0/javax.servlet-api-3.1.0.pom
2014-10-08 22:05:10,319 [Worker-43] INFO  o.e.m.c.i.e.AbstractTransferListenerAdapter - Downloading http://repo.maven.apache.org/maven2/net/java/jvnet-parent/3/jvnet-parent-3.pom
2014-10-08 22:05:10,435 [Worker-43] INFO  o.e.m.c.i.e.AbstractTransferListenerAdapter - Downloaded http://repo.maven.apache.org/maven2/net/java/jvnet-parent/3/jvnet-parent-3.pom
2014-10-08 22:05:10,530 [Worker-43] INFO  o.e.m.c.i.e.AbstractTransferListenerAdapter - Downloading http://repo.maven.apache.org/maven2/javax/servlet/javax.servlet-api/3.1.0/javax.servlet-api-3.1.0.jar
2014-10-08 22:05:10,924 [Worker-43] INFO  o.e.m.c.i.e.AbstractTransferListenerAdapter - Downloaded http://repo.maven.apache.org/maven2/javax/servlet/javax.servlet-api/3.1.0/javax.servlet-api-3.1.0.jar
2014-10-08 22:05:11,004 [Worker-41] WARN  o.e.m.c.i.embedder.EclipseLogger - Using platform encoding (MacRoman actually) to copy filtered resources, i.e. build is platform dependent!
2014-10-08 22:05:11,005 [Worker-41] INFO  o.e.m.c.i.embedder.EclipseLogger - Copying 0 resource
2014-10-08 22:05:11,007 [Worker-41] WARN  o.e.m.c.i.embedder.EclipseLogger - Using platform encoding (MacRoman actually) to copy filtered resources, i.e. build is platform dependent!
2014-10-08 22:05:11,007 [Worker-41] INFO  o.e.m.c.i.embedder.EclipseLogger - Copying 0 resource
2014-10-08 22:05:11,901 [Worker-45] WARN  o.e.m.c.i.embedder.EclipseLogger - Using platform encoding (MacRoman actually) to copy filtered resources, i.e. build is platform dependent!
2014-10-08 22:05:11,922 [Worker-45] INFO  o.e.m.c.i.embedder.EclipseLogger - Copying 3 resources
2014-10-08 22:05:11,925 [Worker-45] WARN  o.e.m.c.i.embedder.EclipseLogger - Using platform encoding (MacRoman actually) to copy filtered resources, i.e. build is platform dependent!
2014-10-08 22:05:11,926 [Worker-45] INFO  o.e.m.c.i.embedder.EclipseLogger - Copying 1 resource
2014-10-08 22:05:54,063 [Worker-43] INFO  o.e.m.c.i.l.LifecycleMappingFactory - Using org.eclipse.m2e.jdt.JarLifecycleMapping lifecycle mapping for MavenProject: com.cl:CollegeLife:1.0.0-BUILD-SNAPSHOT @ /Users/gibranecastillo/Mobility/CollegeLife/CLServices/CollegeLife/pom.xml.
2014-10-08 22:05:54,156 [Worker-43] WARN  o.e.m.c.i.embedder.EclipseLogger - Using platform encoding (MacRoman actually) to copy filtered resources, i.e. build is platform dependent!
2014-10-08 22:05:54,157 [Worker-43] INFO  o.e.m.c.i.embedder.EclipseLogger - Copying 0 resource
2014-10-08 22:05:54,158 [Worker-43] WARN  o.e.m.c.i.embedder.EclipseLogger - Using platform encoding (MacRoman actually) to copy filtered resources, i.e. build is platform dependent!
2014-10-08 22:05:54,159 [Worker-43] INFO  o.e.m.c.i.embedder.EclipseLogger - Copying 0 resource
2014-10-08 22:05:54,876 [Worker-31] WARN  o.e.m.c.i.embedder.EclipseLogger - Using platform encoding (MacRoman actually) to copy filtered resources, i.e. build is platform dependent!
2014-10-08 22:05:54,878 [Worker-31] INFO  o.e.m.c.i.embedder.EclipseLogger - Copying 3 resources
2014-10-08 22:05:54,881 [Worker-31] WARN  o.e.m.c.i.embedder.EclipseLogger - Using platform encoding (MacRoman actually) to copy filtered resources, i.e. build is platform dependent!
2014-10-08 22:05:54,882 [Worker-31] INFO  o.e.m.c.i.embedder.EclipseLogger - Copying 1 resource
2014-10-08 22:07:33,024 [Worker-46] WARN  o.e.m.c.i.embedder.EclipseLogger - Using platform encoding (MacRoman actually) to copy filtered resources, i.e. build is platform dependent!
2014-10-08 22:07:33,025 [Worker-46] INFO  o.e.m.c.i.embedder.EclipseLogger - Copying 3 resources
2014-10-08 22:07:33,027 [Worker-46] WARN  o.e.m.c.i.embedder.EclipseLogger - Using platform encoding (MacRoman actually) to copy filtered resources, i.e. build is platform dependent!
2014-10-08 22:07:33,031 [Worker-46] INFO  o.e.m.c.i.embedder.EclipseLogger - Copying 0 resource
2014-10-08 22:07:45,989 [Worker-45] WARN  o.e.m.c.i.embedder.EclipseLogger - Using platform encoding (MacRoman actually) to copy filtered resources, i.e. build is platform dependent!
2014-10-08 22:07:45,990 [Worker-45] INFO  o.e.m.c.i.embedder.EclipseLogger - Copying 3 resources
2014-10-08 22:07:45,993 [Worker-45] WARN  o.e.m.c.i.embedder.EclipseLogger - Using platform encoding (MacRoman actually) to copy filtered resources, i.e. build is platform dependent!
2014-10-08 22:07:45,994 [Worker-45] INFO  o.e.m.c.i.embedder.EclipseLogger - Copying 0 resource
2014-10-08 22:08:35,149 [Worker-43] WARN  o.e.m.c.i.embedder.EclipseLogger - Using platform encoding (MacRoman actually) to copy filtered resources, i.e. build is platform dependent!
2014-10-08 22:08:35,149 [Worker-43] INFO  o.e.m.c.i.embedder.EclipseLogger - Copying 0 resource
2014-10-08 22:08:35,151 [Worker-43] WARN  o.e.m.c.i.embedder.EclipseLogger - Using platform encoding (MacRoman actually) to copy filtered resources, i.e. build is platform dependent!
2014-10-08 22:08:35,151 [Worker-43] INFO  o.e.m.c.i.embedder.EclipseLogger - Copying 0 resource
2014-10-08 22:16:24,479 [Worker-45] WARN  o.e.m.c.i.embedder.EclipseLogger - Using platform encoding (MacRoman actually) to copy filtered resources, i.e. build is platform dependent!
2014-10-08 22:16:24,479 [Worker-45] INFO  o.e.m.c.i.embedder.EclipseLogger - Copying 0 resource
2014-10-08 22:16:24,481 [Worker-45] WARN  o.e.m.c.i.embedder.EclipseLogger - Using platform encoding (MacRoman actually) to copy filtered resources, i.e. build is platform dependent!
2014-10-08 22:16:24,482 [Worker-45] INFO  o.e.m.c.i.embedder.EclipseLogger - Copying 0 resource
2014-10-08 22:16:56,617 [Worker-41] WARN  o.e.m.c.i.embedder.EclipseLogger - Using platform encoding (MacRoman actually) to copy filtered resources, i.e. build is platform dependent!
2014-10-08 22:16:56,618 [Worker-41] INFO  o.e.m.c.i.embedder.EclipseLogger - Copying 0 resource
2014-10-08 22:16:56,619 [Worker-41] WARN  o.e.m.c.i.embedder.EclipseLogger - Using platform encoding (MacRoman actually) to copy filtered resources, i.e. build is platform dependent!
2014-10-08 22:16:56,620 [Worker-41] INFO  o.e.m.c.i.embedder.EclipseLogger - Copying 0 resource
2014-10-08 22:16:58,601 [Worker-45] WARN  o.e.m.c.i.embedder.EclipseLogger - Using platform encoding (MacRoman actually) to copy filtered resources, i.e. build is platform dependent!
2014-10-08 22:16:58,601 [Worker-45] INFO  o.e.m.c.i.embedder.EclipseLogger - Copying 0 resource
2014-10-08 22:16:58,603 [Worker-45] WARN  o.e.m.c.i.embedder.EclipseLogger - Using platform encoding (MacRoman actually) to copy filtered resources, i.e. build is platform dependent!
2014-10-08 22:16:58,603 [Worker-45] INFO  o.e.m.c.i.embedder.EclipseLogger - Copying 0 resource
2014-10-08 22:18:10,424 [Worker-41] WARN  o.e.m.c.i.embedder.EclipseLogger - Using platform encoding (MacRoman actually) to copy filtered resources, i.e. build is platform dependent!
2014-10-08 22:18:10,425 [Worker-41] INFO  o.e.m.c.i.embedder.EclipseLogger - Copying 0 resource
2014-10-08 22:18:10,427 [Worker-41] WARN  o.e.m.c.i.embedder.EclipseLogger - Using platform encoding (MacRoman actually) to copy filtered resources, i.e. build is platform dependent!
2014-10-08 22:18:10,428 [Worker-41] INFO  o.e.m.c.i.embedder.EclipseLogger - Copying 0 resource
2014-10-08 22:26:58,057 [Worker-42] WARN  o.e.m.c.i.embedder.EclipseLogger - Using platform encoding (MacRoman actually) to copy filtered resources, i.e. build is platform dependent!
2014-10-08 22:26:58,058 [Worker-42] INFO  o.e.m.c.i.embedder.EclipseLogger - Copying 0 resource
2014-10-08 22:26:58,060 [Worker-42] WARN  o.e.m.c.i.embedder.EclipseLogger - Using platform encoding (MacRoman actually) to copy filtered resources, i.e. build is platform dependent!
2014-10-08 22:26:58,060 [Worker-42] INFO  o.e.m.c.i.embedder.EclipseLogger - Copying 0 resource
2014-10-08 22:28:14,724 [Worker-42] WARN  o.e.m.c.i.embedder.EclipseLogger - Using platform encoding (MacRoman actually) to copy filtered resources, i.e. build is platform dependent!
2014-10-08 22:28:14,725 [Worker-42] INFO  o.e.m.c.i.embedder.EclipseLogger - Copying 0 resource
2014-10-08 22:28:14,726 [Worker-42] WARN  o.e.m.c.i.embedder.EclipseLogger - Using platform encoding (MacRoman actually) to copy filtered resources, i.e. build is platform dependent!
2014-10-08 22:28:14,726 [Worker-42] INFO  o.e.m.c.i.embedder.EclipseLogger - Copying 0 resource
